<?xml version="1.0" encoding="UTF-8"?>
<testsuite xmlns:xsi="http://www.w3.org/2001/XMLSchema-instance" xsi:noNamespaceSchemaLocation="https://maven.apache.org/surefire/maven-surefire-plugin/xsd/surefire-test-report-3.0.xsd" version="3.0" name="br.com.skeeps.authenticator.demo.DemoApplicationTests" time="8.287" tests="1" errors="0" skipped="0" failures="0">
  <properties>
    <property name="java.specification.version" value="21"/>
    <property name="sun.jnu.encoding" value="UTF-8"/>
    <property name="java.class.path" value="/Users/mac/Documents/Projetos/skeeps-authenticator/target/test-classes:/Users/mac/Documents/Projetos/skeeps-authenticator/target/classes:/Users/mac/.m2/repository/org/springframework/boot/spring-boot-starter-data-jpa/3.3.0-SNAPSHOT/spring-boot-starter-data-jpa-3.3.0-SNAPSHOT.jar:/Users/mac/.m2/repository/org/springframework/boot/spring-boot-starter-aop/3.3.0-SNAPSHOT/spring-boot-starter-aop-3.3.0-SNAPSHOT.jar:/Users/mac/.m2/repository/org/aspectj/aspectjweaver/1.9.21/aspectjweaver-1.9.21.jar:/Users/mac/.m2/repository/org/springframework/boot/spring-boot-starter-jdbc/3.3.0-SNAPSHOT/spring-boot-starter-jdbc-3.3.0-SNAPSHOT.jar:/Users/mac/.m2/repository/com/zaxxer/HikariCP/5.1.0/HikariCP-5.1.0.jar:/Users/mac/.m2/repository/org/springframework/spring-jdbc/6.1.4-SNAPSHOT/spring-jdbc-6.1.4-SNAPSHOT.jar:/Users/mac/.m2/repository/org/hibernate/orm/hibernate-core/6.4.1.Final/hibernate-core-6.4.1.Final.jar:/Users/mac/.m2/repository/jakarta/persistence/jakarta.persistence-api/3.1.0/jakarta.persistence-api-3.1.0.jar:/Users/mac/.m2/repository/jakarta/transaction/jakarta.transaction-api/2.0.1/jakarta.transaction-api-2.0.1.jar:/Users/mac/.m2/repository/org/jboss/logging/jboss-logging/3.5.3.Final/jboss-logging-3.5.3.Final.jar:/Users/mac/.m2/repository/org/hibernate/common/hibernate-commons-annotations/6.0.6.Final/hibernate-commons-annotations-6.0.6.Final.jar:/Users/mac/.m2/repository/io/smallrye/jandex/3.1.2/jandex-3.1.2.jar:/Users/mac/.m2/repository/com/fasterxml/classmate/1.7.0/classmate-1.7.0.jar:/Users/mac/.m2/repository/net/bytebuddy/byte-buddy/1.14.11/byte-buddy-1.14.11.jar:/Users/mac/.m2/repository/org/glassfish/jaxb/jaxb-runtime/4.0.4/jaxb-runtime-4.0.4.jar:/Users/mac/.m2/repository/org/glassfish/jaxb/jaxb-core/4.0.4/jaxb-core-4.0.4.jar:/Users/mac/.m2/repository/org/eclipse/angus/angus-activation/2.0.1/angus-activation-2.0.1.jar:/Users/mac/.m2/repository/org/glassfish/jaxb/txw2/4.0.4/txw2-4.0.4.jar:/Users/mac/.m2/repository/com/sun/istack/istack-commons-runtime/4.1.2/istack-commons-runtime-4.1.2.jar:/Users/mac/.m2/repository/jakarta/inject/jakarta.inject-api/2.0.1/jakarta.inject-api-2.0.1.jar:/Users/mac/.m2/repository/org/antlr/antlr4-runtime/4.13.0/antlr4-runtime-4.13.0.jar:/Users/mac/.m2/repository/org/springframework/data/spring-data-jpa/3.2.3-SNAPSHOT/spring-data-jpa-3.2.3-SNAPSHOT.jar:/Users/mac/.m2/repository/org/springframework/data/spring-data-commons/3.2.3-SNAPSHOT/spring-data-commons-3.2.3-SNAPSHOT.jar:/Users/mac/.m2/repository/org/springframework/spring-orm/6.1.4-SNAPSHOT/spring-orm-6.1.4-SNAPSHOT.jar:/Users/mac/.m2/repository/org/springframework/spring-context/6.1.4-SNAPSHOT/spring-context-6.1.4-SNAPSHOT.jar:/Users/mac/.m2/repository/org/springframework/spring-tx/6.1.4-SNAPSHOT/spring-tx-6.1.4-SNAPSHOT.jar:/Users/mac/.m2/repository/org/springframework/spring-beans/6.1.4-SNAPSHOT/spring-beans-6.1.4-SNAPSHOT.jar:/Users/mac/.m2/repository/jakarta/annotation/jakarta.annotation-api/2.1.1/jakarta.annotation-api-2.1.1.jar:/Users/mac/.m2/repository/org/slf4j/slf4j-api/2.0.11/slf4j-api-2.0.11.jar:/Users/mac/.m2/repository/org/springframework/spring-aspects/6.1.4-SNAPSHOT/spring-aspects-6.1.4-SNAPSHOT.jar:/Users/mac/.m2/repository/org/springframework/boot/spring-boot-starter-oauth2-authorization-server/3.3.0-SNAPSHOT/spring-boot-starter-oauth2-authorization-server-3.3.0-SNAPSHOT.jar:/Users/mac/.m2/repository/org/springframework/security/spring-security-oauth2-authorization-server/1.3.0-SNAPSHOT/spring-security-oauth2-authorization-server-1.3.0-SNAPSHOT.jar:/Users/mac/.m2/repository/org/springframework/security/spring-security-oauth2-core/6.3.0-SNAPSHOT/spring-security-oauth2-core-6.3.0-SNAPSHOT.jar:/Users/mac/.m2/repository/com/nimbusds/nimbus-jose-jwt/9.37.3/nimbus-jose-jwt-9.37.3.jar:/Users/mac/.m2/repository/com/github/stephenc/jcip/jcip-annotations/1.0-1/jcip-annotations-1.0-1.jar:/Users/mac/.m2/repository/com/fasterxml/jackson/core/jackson-databind/2.16.1/jackson-databind-2.16.1.jar:/Users/mac/.m2/repository/com/fasterxml/jackson/core/jackson-annotations/2.16.1/jackson-annotations-2.16.1.jar:/Users/mac/.m2/repository/com/fasterxml/jackson/core/jackson-core/2.16.1/jackson-core-2.16.1.jar:/Users/mac/.m2/repository/org/springframework/boot/spring-boot-starter-oauth2-client/3.3.0-SNAPSHOT/spring-boot-starter-oauth2-client-3.3.0-SNAPSHOT.jar:/Users/mac/.m2/repository/org/springframework/boot/spring-boot-starter/3.3.0-SNAPSHOT/spring-boot-starter-3.3.0-SNAPSHOT.jar:/Users/mac/.m2/repository/org/springframework/boot/spring-boot-starter-logging/3.3.0-SNAPSHOT/spring-boot-starter-logging-3.3.0-SNAPSHOT.jar:/Users/mac/.m2/repository/ch/qos/logback/logback-classic/1.4.14/logback-classic-1.4.14.jar:/Users/mac/.m2/repository/ch/qos/logback/logback-core/1.4.14/logback-core-1.4.14.jar:/Users/mac/.m2/repository/org/apache/logging/log4j/log4j-to-slf4j/2.22.1/log4j-to-slf4j-2.22.1.jar:/Users/mac/.m2/repository/org/apache/logging/log4j/log4j-api/2.22.1/log4j-api-2.22.1.jar:/Users/mac/.m2/repository/org/slf4j/jul-to-slf4j/2.0.11/jul-to-slf4j-2.0.11.jar:/Users/mac/.m2/repository/org/yaml/snakeyaml/2.2/snakeyaml-2.2.jar:/Users/mac/.m2/repository/org/springframework/security/spring-security-config/6.3.0-SNAPSHOT/spring-security-config-6.3.0-SNAPSHOT.jar:/Users/mac/.m2/repository/org/springframework/security/spring-security-core/6.3.0-SNAPSHOT/spring-security-core-6.3.0-SNAPSHOT.jar:/Users/mac/.m2/repository/org/springframework/security/spring-security-crypto/6.3.0-SNAPSHOT/spring-security-crypto-6.3.0-SNAPSHOT.jar:/Users/mac/.m2/repository/org/springframework/spring-expression/6.1.4-SNAPSHOT/spring-expression-6.1.4-SNAPSHOT.jar:/Users/mac/.m2/repository/io/micrometer/micrometer-observation/1.13.0-SNAPSHOT/micrometer-observation-1.13.0-SNAPSHOT.jar:/Users/mac/.m2/repository/io/micrometer/micrometer-commons/1.13.0-SNAPSHOT/micrometer-commons-1.13.0-SNAPSHOT.jar:/Users/mac/.m2/repository/org/springframework/security/spring-security-oauth2-client/6.3.0-SNAPSHOT/spring-security-oauth2-client-6.3.0-SNAPSHOT.jar:/Users/mac/.m2/repository/com/nimbusds/oauth2-oidc-sdk/9.43.3/oauth2-oidc-sdk-9.43.3.jar:/Users/mac/.m2/repository/com/nimbusds/content-type/2.2/content-type-2.2.jar:/Users/mac/.m2/repository/com/nimbusds/lang-tag/1.7/lang-tag-1.7.jar:/Users/mac/.m2/repository/org/springframework/security/spring-security-oauth2-jose/6.3.0-SNAPSHOT/spring-security-oauth2-jose-6.3.0-SNAPSHOT.jar:/Users/mac/.m2/repository/org/springframework/boot/spring-boot-starter-oauth2-resource-server/3.3.0-SNAPSHOT/spring-boot-starter-oauth2-resource-server-3.3.0-SNAPSHOT.jar:/Users/mac/.m2/repository/org/springframework/security/spring-security-oauth2-resource-server/6.3.0-SNAPSHOT/spring-security-oauth2-resource-server-6.3.0-SNAPSHOT.jar:/Users/mac/.m2/repository/org/springframework/boot/spring-boot-starter-security/3.3.0-SNAPSHOT/spring-boot-starter-security-3.3.0-SNAPSHOT.jar:/Users/mac/.m2/repository/org/springframework/spring-aop/6.1.4-SNAPSHOT/spring-aop-6.1.4-SNAPSHOT.jar:/Users/mac/.m2/repository/org/springframework/security/spring-security-web/6.3.0-SNAPSHOT/spring-security-web-6.3.0-SNAPSHOT.jar:/Users/mac/.m2/repository/org/springframework/boot/spring-boot-starter-web/3.3.0-SNAPSHOT/spring-boot-starter-web-3.3.0-SNAPSHOT.jar:/Users/mac/.m2/repository/org/springframework/boot/spring-boot-starter-json/3.3.0-SNAPSHOT/spring-boot-starter-json-3.3.0-SNAPSHOT.jar:/Users/mac/.m2/repository/com/fasterxml/jackson/datatype/jackson-datatype-jdk8/2.16.1/jackson-datatype-jdk8-2.16.1.jar:/Users/mac/.m2/repository/com/fasterxml/jackson/datatype/jackson-datatype-jsr310/2.16.1/jackson-datatype-jsr310-2.16.1.jar:/Users/mac/.m2/repository/com/fasterxml/jackson/module/jackson-module-parameter-names/2.16.1/jackson-module-parameter-names-2.16.1.jar:/Users/mac/.m2/repository/org/springframework/boot/spring-boot-starter-tomcat/3.3.0-SNAPSHOT/spring-boot-starter-tomcat-3.3.0-SNAPSHOT.jar:/Users/mac/.m2/repository/org/apache/tomcat/embed/tomcat-embed-core/10.1.18/tomcat-embed-core-10.1.18.jar:/Users/mac/.m2/repository/org/apache/tomcat/embed/tomcat-embed-el/10.1.18/tomcat-embed-el-10.1.18.jar:/Users/mac/.m2/repository/org/apache/tomcat/embed/tomcat-embed-websocket/10.1.18/tomcat-embed-websocket-10.1.18.jar:/Users/mac/.m2/repository/org/springframework/spring-web/6.1.4-SNAPSHOT/spring-web-6.1.4-SNAPSHOT.jar:/Users/mac/.m2/repository/org/springframework/spring-webmvc/6.1.4-SNAPSHOT/spring-webmvc-6.1.4-SNAPSHOT.jar:/Users/mac/.m2/repository/org/springframework/boot/spring-boot-devtools/3.3.0-SNAPSHOT/spring-boot-devtools-3.3.0-SNAPSHOT.jar:/Users/mac/.m2/repository/org/springframework/boot/spring-boot/3.3.0-SNAPSHOT/spring-boot-3.3.0-SNAPSHOT.jar:/Users/mac/.m2/repository/org/springframework/boot/spring-boot-autoconfigure/3.3.0-SNAPSHOT/spring-boot-autoconfigure-3.3.0-SNAPSHOT.jar:/Users/mac/.m2/repository/com/h2database/h2/2.2.224/h2-2.2.224.jar:/Users/mac/.m2/repository/com/mysql/mysql-connector-j/8.3.0/mysql-connector-j-8.3.0.jar:/Users/mac/.m2/repository/org/springframework/boot/spring-boot-starter-test/3.3.0-SNAPSHOT/spring-boot-starter-test-3.3.0-SNAPSHOT.jar:/Users/mac/.m2/repository/org/springframework/boot/spring-boot-test/3.3.0-SNAPSHOT/spring-boot-test-3.3.0-SNAPSHOT.jar:/Users/mac/.m2/repository/org/springframework/boot/spring-boot-test-autoconfigure/3.3.0-SNAPSHOT/spring-boot-test-autoconfigure-3.3.0-SNAPSHOT.jar:/Users/mac/.m2/repository/com/jayway/jsonpath/json-path/2.9.0/json-path-2.9.0.jar:/Users/mac/.m2/repository/jakarta/xml/bind/jakarta.xml.bind-api/4.0.1/jakarta.xml.bind-api-4.0.1.jar:/Users/mac/.m2/repository/jakarta/activation/jakarta.activation-api/2.1.2/jakarta.activation-api-2.1.2.jar:/Users/mac/.m2/repository/net/minidev/json-smart/2.5.0/json-smart-2.5.0.jar:/Users/mac/.m2/repository/net/minidev/accessors-smart/2.5.0/accessors-smart-2.5.0.jar:/Users/mac/.m2/repository/org/ow2/asm/asm/9.3/asm-9.3.jar:/Users/mac/.m2/repository/org/assertj/assertj-core/3.25.1/assertj-core-3.25.1.jar:/Users/mac/.m2/repository/org/awaitility/awaitility/4.2.0/awaitility-4.2.0.jar:/Users/mac/.m2/repository/org/hamcrest/hamcrest/2.2/hamcrest-2.2.jar:/Users/mac/.m2/repository/org/junit/jupiter/junit-jupiter/5.10.1/junit-jupiter-5.10.1.jar:/Users/mac/.m2/repository/org/junit/jupiter/junit-jupiter-api/5.10.1/junit-jupiter-api-5.10.1.jar:/Users/mac/.m2/repository/org/opentest4j/opentest4j/1.3.0/opentest4j-1.3.0.jar:/Users/mac/.m2/repository/org/junit/platform/junit-platform-commons/1.10.1/junit-platform-commons-1.10.1.jar:/Users/mac/.m2/repository/org/apiguardian/apiguardian-api/1.1.2/apiguardian-api-1.1.2.jar:/Users/mac/.m2/repository/org/junit/jupiter/junit-jupiter-params/5.10.1/junit-jupiter-params-5.10.1.jar:/Users/mac/.m2/repository/org/junit/jupiter/junit-jupiter-engine/5.10.1/junit-jupiter-engine-5.10.1.jar:/Users/mac/.m2/repository/org/junit/platform/junit-platform-engine/1.10.1/junit-platform-engine-1.10.1.jar:/Users/mac/.m2/repository/org/mockito/mockito-core/5.9.0/mockito-core-5.9.0.jar:/Users/mac/.m2/repository/net/bytebuddy/byte-buddy-agent/1.14.11/byte-buddy-agent-1.14.11.jar:/Users/mac/.m2/repository/org/objenesis/objenesis/3.3/objenesis-3.3.jar:/Users/mac/.m2/repository/org/mockito/mockito-junit-jupiter/5.9.0/mockito-junit-jupiter-5.9.0.jar:/Users/mac/.m2/repository/org/skyscreamer/jsonassert/1.5.1/jsonassert-1.5.1.jar:/Users/mac/.m2/repository/com/vaadin/external/google/android-json/0.0.20131108.vaadin1/android-json-0.0.20131108.vaadin1.jar:/Users/mac/.m2/repository/org/springframework/spring-core/6.1.4-SNAPSHOT/spring-core-6.1.4-SNAPSHOT.jar:/Users/mac/.m2/repository/org/springframework/spring-jcl/6.1.4-SNAPSHOT/spring-jcl-6.1.4-SNAPSHOT.jar:/Users/mac/.m2/repository/org/springframework/spring-test/6.1.4-SNAPSHOT/spring-test-6.1.4-SNAPSHOT.jar:/Users/mac/.m2/repository/org/xmlunit/xmlunit-core/2.9.1/xmlunit-core-2.9.1.jar:/Users/mac/.m2/repository/org/springframework/boot/spring-boot-testcontainers/3.3.0-SNAPSHOT/spring-boot-testcontainers-3.3.0-SNAPSHOT.jar:/Users/mac/.m2/repository/org/testcontainers/testcontainers/1.19.4/testcontainers-1.19.4.jar:/Users/mac/.m2/repository/junit/junit/4.13.2/junit-4.13.2.jar:/Users/mac/.m2/repository/org/hamcrest/hamcrest-core/2.2/hamcrest-core-2.2.jar:/Users/mac/.m2/repository/org/apache/commons/commons-compress/1.25.0/commons-compress-1.25.0.jar:/Users/mac/.m2/repository/org/rnorth/duct-tape/duct-tape/1.0.8/duct-tape-1.0.8.jar:/Users/mac/.m2/repository/org/jetbrains/annotations/17.0.0/annotations-17.0.0.jar:/Users/mac/.m2/repository/com/github/docker-java/docker-java-api/3.3.4/docker-java-api-3.3.4.jar:/Users/mac/.m2/repository/com/github/docker-java/docker-java-transport-zerodep/3.3.4/docker-java-transport-zerodep-3.3.4.jar:/Users/mac/.m2/repository/com/github/docker-java/docker-java-transport/3.3.4/docker-java-transport-3.3.4.jar:/Users/mac/.m2/repository/net/java/dev/jna/jna/5.13.0/jna-5.13.0.jar:/Users/mac/.m2/repository/org/springframework/security/spring-security-test/6.3.0-SNAPSHOT/spring-security-test-6.3.0-SNAPSHOT.jar:/Users/mac/.m2/repository/org/testcontainers/junit-jupiter/1.19.4/junit-jupiter-1.19.4.jar:/Users/mac/.m2/repository/org/testcontainers/mysql/1.19.4/mysql-1.19.4.jar:/Users/mac/.m2/repository/org/testcontainers/jdbc/1.19.4/jdbc-1.19.4.jar:/Users/mac/.m2/repository/org/testcontainers/database-commons/1.19.4/database-commons-1.19.4.jar:"/>
    <property name="java.vm.vendor" value="Oracle Corporation"/>
    <property name="sun.arch.data.model" value="64"/>
    <property name="java.vendor.url" value="https://java.oracle.com/"/>
    <property name="user.timezone" value="America/Sao_Paulo"/>
    <property name="org.jboss.logging.provider" value="slf4j"/>
    <property name="os.name" value="Mac OS X"/>
    <property name="java.vm.specification.version" value="21"/>
    <property name="sun.java.launcher" value="SUN_STANDARD"/>
    <property name="user.country" value="BR"/>
    <property name="sun.boot.library.path" value="/Users/mac/Library/Java/JavaVirtualMachines/openjdk-21.0.2/Contents/Home/lib"/>
    <property name="sun.java.command" value="/Users/mac/Documents/Projetos/skeeps-authenticator/target/surefire/surefirebooter-20240213173015108_3.jar /Users/mac/Documents/Projetos/skeeps-authenticator/target/surefire 2024-02-13T17-30-08_586-jvmRun1 surefire-20240213173015108_1tmp surefire_0-20240213173015108_2tmp"/>
    <property name="http.nonProxyHosts" value="local|*.local|169.254/16|*.169.254/16"/>
    <property name="jdk.debug" value="release"/>
    <property name="surefire.test.class.path" value="/Users/mac/Documents/Projetos/skeeps-authenticator/target/test-classes:/Users/mac/Documents/Projetos/skeeps-authenticator/target/classes:/Users/mac/.m2/repository/org/springframework/boot/spring-boot-starter-data-jpa/3.3.0-SNAPSHOT/spring-boot-starter-data-jpa-3.3.0-SNAPSHOT.jar:/Users/mac/.m2/repository/org/springframework/boot/spring-boot-starter-aop/3.3.0-SNAPSHOT/spring-boot-starter-aop-3.3.0-SNAPSHOT.jar:/Users/mac/.m2/repository/org/aspectj/aspectjweaver/1.9.21/aspectjweaver-1.9.21.jar:/Users/mac/.m2/repository/org/springframework/boot/spring-boot-starter-jdbc/3.3.0-SNAPSHOT/spring-boot-starter-jdbc-3.3.0-SNAPSHOT.jar:/Users/mac/.m2/repository/com/zaxxer/HikariCP/5.1.0/HikariCP-5.1.0.jar:/Users/mac/.m2/repository/org/springframework/spring-jdbc/6.1.4-SNAPSHOT/spring-jdbc-6.1.4-SNAPSHOT.jar:/Users/mac/.m2/repository/org/hibernate/orm/hibernate-core/6.4.1.Final/hibernate-core-6.4.1.Final.jar:/Users/mac/.m2/repository/jakarta/persistence/jakarta.persistence-api/3.1.0/jakarta.persistence-api-3.1.0.jar:/Users/mac/.m2/repository/jakarta/transaction/jakarta.transaction-api/2.0.1/jakarta.transaction-api-2.0.1.jar:/Users/mac/.m2/repository/org/jboss/logging/jboss-logging/3.5.3.Final/jboss-logging-3.5.3.Final.jar:/Users/mac/.m2/repository/org/hibernate/common/hibernate-commons-annotations/6.0.6.Final/hibernate-commons-annotations-6.0.6.Final.jar:/Users/mac/.m2/repository/io/smallrye/jandex/3.1.2/jandex-3.1.2.jar:/Users/mac/.m2/repository/com/fasterxml/classmate/1.7.0/classmate-1.7.0.jar:/Users/mac/.m2/repository/net/bytebuddy/byte-buddy/1.14.11/byte-buddy-1.14.11.jar:/Users/mac/.m2/repository/org/glassfish/jaxb/jaxb-runtime/4.0.4/jaxb-runtime-4.0.4.jar:/Users/mac/.m2/repository/org/glassfish/jaxb/jaxb-core/4.0.4/jaxb-core-4.0.4.jar:/Users/mac/.m2/repository/org/eclipse/angus/angus-activation/2.0.1/angus-activation-2.0.1.jar:/Users/mac/.m2/repository/org/glassfish/jaxb/txw2/4.0.4/txw2-4.0.4.jar:/Users/mac/.m2/repository/com/sun/istack/istack-commons-runtime/4.1.2/istack-commons-runtime-4.1.2.jar:/Users/mac/.m2/repository/jakarta/inject/jakarta.inject-api/2.0.1/jakarta.inject-api-2.0.1.jar:/Users/mac/.m2/repository/org/antlr/antlr4-runtime/4.13.0/antlr4-runtime-4.13.0.jar:/Users/mac/.m2/repository/org/springframework/data/spring-data-jpa/3.2.3-SNAPSHOT/spring-data-jpa-3.2.3-SNAPSHOT.jar:/Users/mac/.m2/repository/org/springframework/data/spring-data-commons/3.2.3-SNAPSHOT/spring-data-commons-3.2.3-SNAPSHOT.jar:/Users/mac/.m2/repository/org/springframework/spring-orm/6.1.4-SNAPSHOT/spring-orm-6.1.4-SNAPSHOT.jar:/Users/mac/.m2/repository/org/springframework/spring-context/6.1.4-SNAPSHOT/spring-context-6.1.4-SNAPSHOT.jar:/Users/mac/.m2/repository/org/springframework/spring-tx/6.1.4-SNAPSHOT/spring-tx-6.1.4-SNAPSHOT.jar:/Users/mac/.m2/repository/org/springframework/spring-beans/6.1.4-SNAPSHOT/spring-beans-6.1.4-SNAPSHOT.jar:/Users/mac/.m2/repository/jakarta/annotation/jakarta.annotation-api/2.1.1/jakarta.annotation-api-2.1.1.jar:/Users/mac/.m2/repository/org/slf4j/slf4j-api/2.0.11/slf4j-api-2.0.11.jar:/Users/mac/.m2/repository/org/springframework/spring-aspects/6.1.4-SNAPSHOT/spring-aspects-6.1.4-SNAPSHOT.jar:/Users/mac/.m2/repository/org/springframework/boot/spring-boot-starter-oauth2-authorization-server/3.3.0-SNAPSHOT/spring-boot-starter-oauth2-authorization-server-3.3.0-SNAPSHOT.jar:/Users/mac/.m2/repository/org/springframework/security/spring-security-oauth2-authorization-server/1.3.0-SNAPSHOT/spring-security-oauth2-authorization-server-1.3.0-SNAPSHOT.jar:/Users/mac/.m2/repository/org/springframework/security/spring-security-oauth2-core/6.3.0-SNAPSHOT/spring-security-oauth2-core-6.3.0-SNAPSHOT.jar:/Users/mac/.m2/repository/com/nimbusds/nimbus-jose-jwt/9.37.3/nimbus-jose-jwt-9.37.3.jar:/Users/mac/.m2/repository/com/github/stephenc/jcip/jcip-annotations/1.0-1/jcip-annotations-1.0-1.jar:/Users/mac/.m2/repository/com/fasterxml/jackson/core/jackson-databind/2.16.1/jackson-databind-2.16.1.jar:/Users/mac/.m2/repository/com/fasterxml/jackson/core/jackson-annotations/2.16.1/jackson-annotations-2.16.1.jar:/Users/mac/.m2/repository/com/fasterxml/jackson/core/jackson-core/2.16.1/jackson-core-2.16.1.jar:/Users/mac/.m2/repository/org/springframework/boot/spring-boot-starter-oauth2-client/3.3.0-SNAPSHOT/spring-boot-starter-oauth2-client-3.3.0-SNAPSHOT.jar:/Users/mac/.m2/repository/org/springframework/boot/spring-boot-starter/3.3.0-SNAPSHOT/spring-boot-starter-3.3.0-SNAPSHOT.jar:/Users/mac/.m2/repository/org/springframework/boot/spring-boot-starter-logging/3.3.0-SNAPSHOT/spring-boot-starter-logging-3.3.0-SNAPSHOT.jar:/Users/mac/.m2/repository/ch/qos/logback/logback-classic/1.4.14/logback-classic-1.4.14.jar:/Users/mac/.m2/repository/ch/qos/logback/logback-core/1.4.14/logback-core-1.4.14.jar:/Users/mac/.m2/repository/org/apache/logging/log4j/log4j-to-slf4j/2.22.1/log4j-to-slf4j-2.22.1.jar:/Users/mac/.m2/repository/org/apache/logging/log4j/log4j-api/2.22.1/log4j-api-2.22.1.jar:/Users/mac/.m2/repository/org/slf4j/jul-to-slf4j/2.0.11/jul-to-slf4j-2.0.11.jar:/Users/mac/.m2/repository/org/yaml/snakeyaml/2.2/snakeyaml-2.2.jar:/Users/mac/.m2/repository/org/springframework/security/spring-security-config/6.3.0-SNAPSHOT/spring-security-config-6.3.0-SNAPSHOT.jar:/Users/mac/.m2/repository/org/springframework/security/spring-security-core/6.3.0-SNAPSHOT/spring-security-core-6.3.0-SNAPSHOT.jar:/Users/mac/.m2/repository/org/springframework/security/spring-security-crypto/6.3.0-SNAPSHOT/spring-security-crypto-6.3.0-SNAPSHOT.jar:/Users/mac/.m2/repository/org/springframework/spring-expression/6.1.4-SNAPSHOT/spring-expression-6.1.4-SNAPSHOT.jar:/Users/mac/.m2/repository/io/micrometer/micrometer-observation/1.13.0-SNAPSHOT/micrometer-observation-1.13.0-SNAPSHOT.jar:/Users/mac/.m2/repository/io/micrometer/micrometer-commons/1.13.0-SNAPSHOT/micrometer-commons-1.13.0-SNAPSHOT.jar:/Users/mac/.m2/repository/org/springframework/security/spring-security-oauth2-client/6.3.0-SNAPSHOT/spring-security-oauth2-client-6.3.0-SNAPSHOT.jar:/Users/mac/.m2/repository/com/nimbusds/oauth2-oidc-sdk/9.43.3/oauth2-oidc-sdk-9.43.3.jar:/Users/mac/.m2/repository/com/nimbusds/content-type/2.2/content-type-2.2.jar:/Users/mac/.m2/repository/com/nimbusds/lang-tag/1.7/lang-tag-1.7.jar:/Users/mac/.m2/repository/org/springframework/security/spring-security-oauth2-jose/6.3.0-SNAPSHOT/spring-security-oauth2-jose-6.3.0-SNAPSHOT.jar:/Users/mac/.m2/repository/org/springframework/boot/spring-boot-starter-oauth2-resource-server/3.3.0-SNAPSHOT/spring-boot-starter-oauth2-resource-server-3.3.0-SNAPSHOT.jar:/Users/mac/.m2/repository/org/springframework/security/spring-security-oauth2-resource-server/6.3.0-SNAPSHOT/spring-security-oauth2-resource-server-6.3.0-SNAPSHOT.jar:/Users/mac/.m2/repository/org/springframework/boot/spring-boot-starter-security/3.3.0-SNAPSHOT/spring-boot-starter-security-3.3.0-SNAPSHOT.jar:/Users/mac/.m2/repository/org/springframework/spring-aop/6.1.4-SNAPSHOT/spring-aop-6.1.4-SNAPSHOT.jar:/Users/mac/.m2/repository/org/springframework/security/spring-security-web/6.3.0-SNAPSHOT/spring-security-web-6.3.0-SNAPSHOT.jar:/Users/mac/.m2/repository/org/springframework/boot/spring-boot-starter-web/3.3.0-SNAPSHOT/spring-boot-starter-web-3.3.0-SNAPSHOT.jar:/Users/mac/.m2/repository/org/springframework/boot/spring-boot-starter-json/3.3.0-SNAPSHOT/spring-boot-starter-json-3.3.0-SNAPSHOT.jar:/Users/mac/.m2/repository/com/fasterxml/jackson/datatype/jackson-datatype-jdk8/2.16.1/jackson-datatype-jdk8-2.16.1.jar:/Users/mac/.m2/repository/com/fasterxml/jackson/datatype/jackson-datatype-jsr310/2.16.1/jackson-datatype-jsr310-2.16.1.jar:/Users/mac/.m2/repository/com/fasterxml/jackson/module/jackson-module-parameter-names/2.16.1/jackson-module-parameter-names-2.16.1.jar:/Users/mac/.m2/repository/org/springframework/boot/spring-boot-starter-tomcat/3.3.0-SNAPSHOT/spring-boot-starter-tomcat-3.3.0-SNAPSHOT.jar:/Users/mac/.m2/repository/org/apache/tomcat/embed/tomcat-embed-core/10.1.18/tomcat-embed-core-10.1.18.jar:/Users/mac/.m2/repository/org/apache/tomcat/embed/tomcat-embed-el/10.1.18/tomcat-embed-el-10.1.18.jar:/Users/mac/.m2/repository/org/apache/tomcat/embed/tomcat-embed-websocket/10.1.18/tomcat-embed-websocket-10.1.18.jar:/Users/mac/.m2/repository/org/springframework/spring-web/6.1.4-SNAPSHOT/spring-web-6.1.4-SNAPSHOT.jar:/Users/mac/.m2/repository/org/springframework/spring-webmvc/6.1.4-SNAPSHOT/spring-webmvc-6.1.4-SNAPSHOT.jar:/Users/mac/.m2/repository/org/springframework/boot/spring-boot-devtools/3.3.0-SNAPSHOT/spring-boot-devtools-3.3.0-SNAPSHOT.jar:/Users/mac/.m2/repository/org/springframework/boot/spring-boot/3.3.0-SNAPSHOT/spring-boot-3.3.0-SNAPSHOT.jar:/Users/mac/.m2/repository/org/springframework/boot/spring-boot-autoconfigure/3.3.0-SNAPSHOT/spring-boot-autoconfigure-3.3.0-SNAPSHOT.jar:/Users/mac/.m2/repository/com/h2database/h2/2.2.224/h2-2.2.224.jar:/Users/mac/.m2/repository/com/mysql/mysql-connector-j/8.3.0/mysql-connector-j-8.3.0.jar:/Users/mac/.m2/repository/org/springframework/boot/spring-boot-starter-test/3.3.0-SNAPSHOT/spring-boot-starter-test-3.3.0-SNAPSHOT.jar:/Users/mac/.m2/repository/org/springframework/boot/spring-boot-test/3.3.0-SNAPSHOT/spring-boot-test-3.3.0-SNAPSHOT.jar:/Users/mac/.m2/repository/org/springframework/boot/spring-boot-test-autoconfigure/3.3.0-SNAPSHOT/spring-boot-test-autoconfigure-3.3.0-SNAPSHOT.jar:/Users/mac/.m2/repository/com/jayway/jsonpath/json-path/2.9.0/json-path-2.9.0.jar:/Users/mac/.m2/repository/jakarta/xml/bind/jakarta.xml.bind-api/4.0.1/jakarta.xml.bind-api-4.0.1.jar:/Users/mac/.m2/repository/jakarta/activation/jakarta.activation-api/2.1.2/jakarta.activation-api-2.1.2.jar:/Users/mac/.m2/repository/net/minidev/json-smart/2.5.0/json-smart-2.5.0.jar:/Users/mac/.m2/repository/net/minidev/accessors-smart/2.5.0/accessors-smart-2.5.0.jar:/Users/mac/.m2/repository/org/ow2/asm/asm/9.3/asm-9.3.jar:/Users/mac/.m2/repository/org/assertj/assertj-core/3.25.1/assertj-core-3.25.1.jar:/Users/mac/.m2/repository/org/awaitility/awaitility/4.2.0/awaitility-4.2.0.jar:/Users/mac/.m2/repository/org/hamcrest/hamcrest/2.2/hamcrest-2.2.jar:/Users/mac/.m2/repository/org/junit/jupiter/junit-jupiter/5.10.1/junit-jupiter-5.10.1.jar:/Users/mac/.m2/repository/org/junit/jupiter/junit-jupiter-api/5.10.1/junit-jupiter-api-5.10.1.jar:/Users/mac/.m2/repository/org/opentest4j/opentest4j/1.3.0/opentest4j-1.3.0.jar:/Users/mac/.m2/repository/org/junit/platform/junit-platform-commons/1.10.1/junit-platform-commons-1.10.1.jar:/Users/mac/.m2/repository/org/apiguardian/apiguardian-api/1.1.2/apiguardian-api-1.1.2.jar:/Users/mac/.m2/repository/org/junit/jupiter/junit-jupiter-params/5.10.1/junit-jupiter-params-5.10.1.jar:/Users/mac/.m2/repository/org/junit/jupiter/junit-jupiter-engine/5.10.1/junit-jupiter-engine-5.10.1.jar:/Users/mac/.m2/repository/org/junit/platform/junit-platform-engine/1.10.1/junit-platform-engine-1.10.1.jar:/Users/mac/.m2/repository/org/mockito/mockito-core/5.9.0/mockito-core-5.9.0.jar:/Users/mac/.m2/repository/net/bytebuddy/byte-buddy-agent/1.14.11/byte-buddy-agent-1.14.11.jar:/Users/mac/.m2/repository/org/objenesis/objenesis/3.3/objenesis-3.3.jar:/Users/mac/.m2/repository/org/mockito/mockito-junit-jupiter/5.9.0/mockito-junit-jupiter-5.9.0.jar:/Users/mac/.m2/repository/org/skyscreamer/jsonassert/1.5.1/jsonassert-1.5.1.jar:/Users/mac/.m2/repository/com/vaadin/external/google/android-json/0.0.20131108.vaadin1/android-json-0.0.20131108.vaadin1.jar:/Users/mac/.m2/repository/org/springframework/spring-core/6.1.4-SNAPSHOT/spring-core-6.1.4-SNAPSHOT.jar:/Users/mac/.m2/repository/org/springframework/spring-jcl/6.1.4-SNAPSHOT/spring-jcl-6.1.4-SNAPSHOT.jar:/Users/mac/.m2/repository/org/springframework/spring-test/6.1.4-SNAPSHOT/spring-test-6.1.4-SNAPSHOT.jar:/Users/mac/.m2/repository/org/xmlunit/xmlunit-core/2.9.1/xmlunit-core-2.9.1.jar:/Users/mac/.m2/repository/org/springframework/boot/spring-boot-testcontainers/3.3.0-SNAPSHOT/spring-boot-testcontainers-3.3.0-SNAPSHOT.jar:/Users/mac/.m2/repository/org/testcontainers/testcontainers/1.19.4/testcontainers-1.19.4.jar:/Users/mac/.m2/repository/junit/junit/4.13.2/junit-4.13.2.jar:/Users/mac/.m2/repository/org/hamcrest/hamcrest-core/2.2/hamcrest-core-2.2.jar:/Users/mac/.m2/repository/org/apache/commons/commons-compress/1.25.0/commons-compress-1.25.0.jar:/Users/mac/.m2/repository/org/rnorth/duct-tape/duct-tape/1.0.8/duct-tape-1.0.8.jar:/Users/mac/.m2/repository/org/jetbrains/annotations/17.0.0/annotations-17.0.0.jar:/Users/mac/.m2/repository/com/github/docker-java/docker-java-api/3.3.4/docker-java-api-3.3.4.jar:/Users/mac/.m2/repository/com/github/docker-java/docker-java-transport-zerodep/3.3.4/docker-java-transport-zerodep-3.3.4.jar:/Users/mac/.m2/repository/com/github/docker-java/docker-java-transport/3.3.4/docker-java-transport-3.3.4.jar:/Users/mac/.m2/repository/net/java/dev/jna/jna/5.13.0/jna-5.13.0.jar:/Users/mac/.m2/repository/org/springframework/security/spring-security-test/6.3.0-SNAPSHOT/spring-security-test-6.3.0-SNAPSHOT.jar:/Users/mac/.m2/repository/org/testcontainers/junit-jupiter/1.19.4/junit-jupiter-1.19.4.jar:/Users/mac/.m2/repository/org/testcontainers/mysql/1.19.4/mysql-1.19.4.jar:/Users/mac/.m2/repository/org/testcontainers/jdbc/1.19.4/jdbc-1.19.4.jar:/Users/mac/.m2/repository/org/testcontainers/database-commons/1.19.4/database-commons-1.19.4.jar:"/>
    <property name="sun.cpu.endian" value="little"/>
    <property name="user.home" value="/Users/mac"/>
    <property name="user.language" value="pt"/>
    <property name="java.specification.vendor" value="Oracle Corporation"/>
    <property name="java.version.date" value="2024-01-16"/>
    <property name="java.home" value="/Users/mac/Library/Java/JavaVirtualMachines/openjdk-21.0.2/Contents/Home"/>
    <property name="file.separator" value="/"/>
    <property name="basedir" value="/Users/mac/Documents/Projetos/skeeps-authenticator"/>
    <property name="java.vm.compressedOopsMode" value="Zero based"/>
    <property name="line.separator" value="&#10;"/>
    <property name="java.vm.specification.vendor" value="Oracle Corporation"/>
    <property name="java.specification.name" value="Java Platform API Specification"/>
    <property name="FILE_LOG_CHARSET" value="UTF-8"/>
    <property name="java.awt.headless" value="true"/>
    <property name="apple.awt.application.name" value="ForkedBooter"/>
    <property name="surefire.real.class.path" value="/Users/mac/Documents/Projetos/skeeps-authenticator/target/surefire/surefirebooter-20240213173015108_3.jar"/>
    <property name="sun.management.compiler" value="HotSpot 64-Bit Tiered Compilers"/>
    <property name="ftp.nonProxyHosts" value="local|*.local|169.254/16|*.169.254/16"/>
    <property name="java.runtime.version" value="21.0.2+13-58"/>
    <property name="user.name" value="mac"/>
    <property name="stdout.encoding" value="UTF-8"/>
    <property name="path.separator" value=":"/>
    <property name="os.version" value="14.2.1"/>
    <property name="java.runtime.name" value="OpenJDK Runtime Environment"/>
    <property name="file.encoding" value="UTF-8"/>
    <property name="java.vm.name" value="OpenJDK 64-Bit Server VM"/>
    <property name="localRepository" value="/Users/mac/.m2/repository"/>
    <property name="java.vendor.url.bug" value="https://bugreport.java.com/bugreport/"/>
    <property name="java.io.tmpdir" value="/var/folders/hc/r0zdysjx3633tjs8pn864cbm0000gn/T/"/>
    <property name="idea.version" value="2023.3.3"/>
    <property name="com.zaxxer.hikari.pool_number" value="1"/>
    <property name="java.version" value="21.0.2"/>
    <property name="user.dir" value="/Users/mac/Documents/Projetos/skeeps-authenticator"/>
    <property name="os.arch" value="x86_64"/>
    <property name="java.vm.specification.name" value="Java Virtual Machine Specification"/>
    <property name="PID" value="14689"/>
    <property name="CONSOLE_LOG_CHARSET" value="UTF-8"/>
    <property name="native.encoding" value="UTF-8"/>
    <property name="java.library.path" value="/Users/mac/Library/Java/Extensions:/Library/Java/Extensions:/Network/Library/Java/Extensions:/System/Library/Java/Extensions:/usr/lib/java:."/>
    <property name="java.vm.info" value="mixed mode, sharing"/>
    <property name="stderr.encoding" value="UTF-8"/>
    <property name="java.vendor" value="Oracle Corporation"/>
    <property name="java.vm.version" value="21.0.2+13-58"/>
    <property name="sun.io.unicode.encoding" value="UnicodeBig"/>
    <property name="socksNonProxyHosts" value="local|*.local|169.254/16|*.169.254/16"/>
    <property name="java.class.version" value="65.0"/>
  </properties>
  <testcase name="contextLoads" classname="br.com.skeeps.authenticator.demo.DemoApplicationTests" time="1.485">
    <system-out><![CDATA[17:30:16.708 [main] INFO org.springframework.test.context.support.AnnotationConfigContextLoaderUtils -- Could not detect default configuration classes for test class [br.com.skeeps.authenticator.demo.DemoApplicationTests]: DemoApplicationTests does not declare any static, non-private, non-final, nested classes annotated with @Configuration.
17:30:16.931 [main] INFO org.springframework.boot.test.context.SpringBootTestContextBootstrapper -- Found @SpringBootConfiguration br.com.skeeps.authenticator.demo.DemoApplication for test class br.com.skeeps.authenticator.demo.DemoApplicationTests
17:30:17.203 [main] INFO org.springframework.boot.devtools.restart.RestartApplicationListener -- Restart disabled due to context in which it is running

  .   ____          _            __ _ _
 /\\ / ___'_ __ _ _(_)_ __  __ _ \ \ \ \
( ( )\___ | '_ | '_| | '_ \/ _` | \ \ \ \
 \\/  ___)| |_)| | | | | || (_| |  ) ) ) )
  '  |____| .__|_| |_|_| |_\__, | / / / /
 =========|_|==============|___/=/_/_/_/
 :: Spring Boot ::       (v3.3.0-SNAPSHOT)

2024-02-13T17:30:17.545-03:00  INFO 14689 --- [           main] b.c.s.a.demo.DemoApplicationTests        : Starting DemoApplicationTests using Java 21.0.2 with PID 14689 (started by mac in /Users/mac/Documents/Projetos/skeeps-authenticator)
2024-02-13T17:30:17.546-03:00  INFO 14689 --- [           main] b.c.s.a.demo.DemoApplicationTests        : No active profile set, falling back to 1 default profile: "default"
2024-02-13T17:30:18.661-03:00  INFO 14689 --- [           main] .s.d.r.c.RepositoryConfigurationDelegate : Bootstrapping Spring Data JPA repositories in DEFAULT mode.
2024-02-13T17:30:18.692-03:00  INFO 14689 --- [           main] .s.d.r.c.RepositoryConfigurationDelegate : Finished Spring Data repository scanning in 15 ms. Found 0 JPA repository interfaces.
2024-02-13T17:30:19.242-03:00  INFO 14689 --- [           main] com.zaxxer.hikari.HikariDataSource       : HikariPool-1 - Starting...
2024-02-13T17:30:19.417-03:00  INFO 14689 --- [           main] com.zaxxer.hikari.pool.HikariPool        : HikariPool-1 - Added connection conn0: url=jdbc:h2:mem:6b10524b-61f1-4d55-97cc-e8a5372f96ea user=SA
2024-02-13T17:30:19.419-03:00  INFO 14689 --- [           main] com.zaxxer.hikari.HikariDataSource       : HikariPool-1 - Start completed.
2024-02-13T17:30:19.467-03:00  INFO 14689 --- [           main] o.hibernate.jpa.internal.util.LogHelper  : HHH000204: Processing PersistenceUnitInfo [name: default]
2024-02-13T17:30:19.548-03:00  INFO 14689 --- [           main] org.hibernate.Version                    : HHH000412: Hibernate ORM core version 6.4.1.Final
2024-02-13T17:30:19.602-03:00  INFO 14689 --- [           main] o.h.c.internal.RegionFactoryInitiator    : HHH000026: Second-level cache disabled
2024-02-13T17:30:19.945-03:00  INFO 14689 --- [           main] o.s.o.j.p.SpringPersistenceUnitInfo      : No LoadTimeWeaver setup: ignoring JPA class transformer
2024-02-13T17:30:20.387-03:00  INFO 14689 --- [           main] o.h.e.t.j.p.i.JtaPlatformInitiator       : HHH000489: No JTA platform available (set 'hibernate.transaction.jta.platform' to enable JTA platform integration)
2024-02-13T17:30:20.393-03:00  INFO 14689 --- [           main] j.LocalContainerEntityManagerFactoryBean : Initialized JPA EntityManagerFactory for persistence unit 'default'
2024-02-13T17:30:20.711-03:00  WARN 14689 --- [           main] JpaBaseConfiguration$JpaWebConfiguration : spring.jpa.open-in-view is enabled by default. Therefore, database queries may be performed during view rendering. Explicitly configure spring.jpa.open-in-view to disable this warning
2024-02-13T17:30:21.547-03:00  INFO 14689 --- [           main] o.s.s.web.DefaultSecurityFilterChain     : Will secure any request with [org.springframework.security.web.session.DisableEncodeUrlFilter@5af56240, org.springframework.security.web.context.request.async.WebAsyncManagerIntegrationFilter@2314cd97, org.springframework.security.web.context.SecurityContextHolderFilter@6e617c0e, org.springframework.security.web.header.HeaderWriterFilter@8bde368, org.springframework.web.filter.CorsFilter@51dbed72, org.springframework.security.web.csrf.CsrfFilter@5308e79d, org.springframework.security.web.authentication.logout.LogoutFilter@5cb6abc8, org.springframework.security.web.authentication.UsernamePasswordAuthenticationFilter@1aca6dc3, org.springframework.security.web.authentication.ui.DefaultLoginPageGeneratingFilter@477bea57, org.springframework.security.web.authentication.ui.DefaultLogoutPageGeneratingFilter@64e89bb2, org.springframework.security.web.authentication.www.BasicAuthenticationFilter@31b91435, org.springframework.security.web.savedrequest.RequestCacheAwareFilter@7455204c, org.springframework.security.web.servletapi.SecurityContextHolderAwareRequestFilter@34e68840, org.springframework.security.web.authentication.AnonymousAuthenticationFilter@15fe020d, org.springframework.security.web.access.ExceptionTranslationFilter@4e26040f, org.springframework.security.web.access.intercept.AuthorizationFilter@f837c11]
2024-02-13T17:30:23.103-03:00  INFO 14689 --- [           main] b.c.s.a.demo.DemoApplicationTests        : Started DemoApplicationTests in 5.918 seconds (process running for 7.736)
]]></system-out>
    <system-err><![CDATA[WARNING: A Java agent has been loaded dynamically (/Users/mac/.m2/repository/net/bytebuddy/byte-buddy-agent/1.14.11/byte-buddy-agent-1.14.11.jar)
WARNING: If a serviceability tool is in use, please run with -XX:+EnableDynamicAgentLoading to hide this warning
WARNING: If a serviceability tool is not in use, please run with -Djdk.instrument.traceUsage for more information
WARNING: Dynamic loading of agents will be disallowed by default in a future release
]]></system-err>
  </testcase>
</testsuite>